#-----------------------------------------------------------
# Vivado v2020.1 (64-bit)
# SW Build 2902540 on Wed May 27 19:54:49 MDT 2020
# IP Build 2902112 on Wed May 27 22:43:36 MDT 2020
# Start of session at: Tue Apr 14 03:04:11 2026
# Process ID: 27132
# Current directory: D:/Uni/4. CA/CA lab2
# Command line: vivado.exe -gui_launcher_event rodinguilauncherevent3984 D:\Uni\4. CA\CA lab2\CA lab2.xpr
# Log file: D:/Uni/4. CA/CA lab2/vivado.log
# Journal file: D:/Uni/4. CA/CA lab2\vivado.jou
#-----------------------------------------------------------
start_gui
open_project {D:/Uni/4. CA/CA lab2/CA lab2.xpr}
Scanning sources...
Finished scanning sources
INFO: [IP_Flow 19-234] Refreshing IP repositories
INFO: [IP_Flow 19-1704] No user IP repositories specified
INFO: [IP_Flow 19-2313] Loaded Vivado IP repository 'D:/Vivado/2020.1/data/ip'.
open_project: Time (s): cpu = 00:00:20 ; elapsed = 00:00:08 . Memory (MB): peak = 1029.695 ; gain = 0.000
update_compile_order -fileset sources_1
exit
INFO: [Common 17-206] Exiting Vivado at Tue Apr 14 03:05:10 2026...
